  Building Custom Rule C:/Users/marc/Downloads/lzfse/CMakeLists.txt
  CMake does not need to re-run because C:/Users/marc/Downloads/lzfse/build/CMakeFiles/generate.stamp is up-to-date.
  lzfse_decode.c
c:\users\marc\downloads\lzfse\src\lzfse.h(56): warning C4255: 'lzfse_encode_scratch_size': no function prototype given: converting '()' to '(void)'
c:\users\marc\downloads\lzfse\src\lzfse.h(94): warning C4255: 'lzfse_decode_scratch_size': no function prototype given: converting '()' to '(void)'
c:\users\marc\downloads\lzfse\src\lzfse_fse.h(144): warning C4820: '<unnamed-tag>': '4' bytes padding added after data member 'accum_nbits'
c:\users\marc\downloads\lzfse\src\lzfse_fse.h(156): warning C4820: '<unnamed-tag>': '4' bytes padding added after data member 'accum_nbits'
c:\users\marc\downloads\lzfse\src\lzfse_fse.h(515): warning C4244: '=': conversion from 'int' to 'fse_state', possible loss of data
c:\users\marc\downloads\lzfse\src\lzfse_fse.h(508): warning C4244: 'initializing': conversion from 'int' to 'fse_state', possible loss of data
c:\users\marc\downloads\lzfse\src\lzfse_fse.h(531): warning C4242: 'return': conversion from 'uint32_t' to 'uint8_t', possible loss of data
c:\users\marc\downloads\lzfse\src\lzfse_fse.h(564): warning C4018: '<': signed/unsigned mismatch
C:\Program Files\Microsoft Visual Studio\2017\Enterprise\VC\Tools\MSVC\14.11.25503\include\smmintrin.h(82): warning C4668: '__cplusplus' is not defined as a preprocessor macro, replacing with '0' for '#if/#elif'
C:\Program Files\Microsoft Visual Studio\2017\Enterprise\VC\Tools\MSVC\14.11.25503\include\nmmintrin.h(35): warning C4668: '__cplusplus' is not defined as a preprocessor macro, replacing with '0' for '#if/#elif'
C:\Program Files\Microsoft Visual Studio\2017\Enterprise\VC\Tools\MSVC\14.11.25503\include\wmmintrin.h(34): warning C4668: '__cplusplus' is not defined as a preprocessor macro, replacing with '0' for '#if/#elif'
C:\Program Files\Microsoft Visual Studio\2017\Enterprise\VC\Tools\MSVC\14.11.25503\include\ammintrin.h(251): warning C4255: '__slwpcb': no function prototype given: converting '()' to '(void)'
c:\users\marc\downloads\lzfse\src\lzfse_internal.h(229): warning C4820: '<unnamed-tag>': '2' bytes padding added after data member 'd_state'
c:\users\marc\downloads\lzfse\src\lzfse_internal.h(330): warning C4820: '<unnamed-tag>': '2' bytes padding added after data member 'literal_freq'
C:\Users\marc\Downloads\lzfse\src\lzfse_decode.c(27): warning C4255: 'lzfse_decode_scratch_size': no function prototype given: converting '()' to '(void)'
  lzfse_decode_base.c
c:\users\marc\downloads\lzfse\src\lzfse_fse.h(144): warning C4820: '<unnamed-tag>': '4' bytes padding added after data member 'accum_nbits'
c:\users\marc\downloads\lzfse\src\lzfse_fse.h(156): warning C4820: '<unnamed-tag>': '4' bytes padding added after data member 'accum_nbits'
c:\users\marc\downloads\lzfse\src\lzfse_fse.h(515): warning C4244: '=': conversion from 'int' to 'fse_state', possible loss of data
c:\users\marc\downloads\lzfse\src\lzfse_fse.h(508): warning C4244: 'initializing': conversion from 'int' to 'fse_state', possible loss of data
c:\users\marc\downloads\lzfse\src\lzfse_fse.h(531): warning C4242: 'return': conversion from 'uint32_t' to 'uint8_t', possible loss of data
c:\users\marc\downloads\lzfse\src\lzfse_fse.h(564): warning C4018: '<': signed/unsigned mismatch
C:\Program Files\Microsoft Visual Studio\2017\Enterprise\VC\Tools\MSVC\14.11.25503\include\smmintrin.h(82): warning C4668: '__cplusplus' is not defined as a preprocessor macro, replacing with '0' for '#if/#elif'
C:\Program Files\Microsoft Visual Studio\2017\Enterprise\VC\Tools\MSVC\14.11.25503\include\nmmintrin.h(35): warning C4668: '__cplusplus' is not defined as a preprocessor macro, replacing with '0' for '#if/#elif'
C:\Program Files\Microsoft Visual Studio\2017\Enterprise\VC\Tools\MSVC\14.11.25503\include\wmmintrin.h(34): warning C4668: '__cplusplus' is not defined as a preprocessor macro, replacing with '0' for '#if/#elif'
C:\Program Files\Microsoft Visual Studio\2017\Enterprise\VC\Tools\MSVC\14.11.25503\include\ammintrin.h(251): warning C4255: '__slwpcb': no function prototype given: converting '()' to '(void)'
c:\users\marc\downloads\lzfse\src\lzfse_internal.h(229): warning C4820: '<unnamed-tag>': '2' bytes padding added after data member 'd_state'
c:\users\marc\downloads\lzfse\src\lzfse_internal.h(330): warning C4820: '<unnamed-tag>': '2' bytes padding added after data member 'literal_freq'
C:\Users\marc\Downloads\lzfse\src\lzfse_decode_base.c(88): warning C4242: '=': conversion from 'uint32_t' to 'uint16_t', possible loss of data
C:\Users\marc\Downloads\lzfse\src\lzfse_decode_base.c(89): warning C4242: '=': conversion from 'uint32_t' to 'uint16_t', possible loss of data
C:\Users\marc\Downloads\lzfse\src\lzfse_decode_base.c(90): warning C4242: '=': conversion from 'uint32_t' to 'uint16_t', possible loss of data
C:\Users\marc\Downloads\lzfse\src\lzfse_decode_base.c(91): warning C4242: '=': conversion from 'uint32_t' to 'uint16_t', possible loss of data
C:\Users\marc\Downloads\lzfse\src\lzfse_decode_base.c(97): warning C4242: '=': conversion from 'uint32_t' to 'uint16_t', possible loss of data
C:\Users\marc\Downloads\lzfse\src\lzfse_decode_base.c(98): warning C4242: '=': conversion from 'uint32_t' to 'uint16_t', possible loss of data
C:\Users\marc\Downloads\lzfse\src\lzfse_decode_base.c(99): warning C4242: '=': conversion from 'uint32_t' to 'uint16_t', possible loss of data
C:\Users\marc\Downloads\lzfse\src\lzfse_decode_base.c(130): warning C4242: '=': conversion from 'int' to 'uint16_t', possible loss of data
C:\Users\marc\Downloads\lzfse\src\lzfse_decode_base.c(221): warning C4018: '>': signed/unsigned mismatch
C:\Users\marc\Downloads\lzfse\src\lzfse_decode_base.c(240): warning C4018: '<': signed/unsigned mismatch
C:\Users\marc\Downloads\lzfse\src\lzfse_decode_base.c(256): warning C4018: '<': signed/unsigned mismatch
C:\Users\marc\Downloads\lzfse\src\lzfse_decode_base.c(268): warning C4018: '<': signed/unsigned mismatch
C:\Users\marc\Downloads\lzfse\src\lzfse_decode_base.c(280): warning C4018: '<': signed/unsigned mismatch
C:\Users\marc\Downloads\lzfse\src\lzfse_decode_base.c(294): warning C4018: '<': signed/unsigned mismatch
C:\Users\marc\Downloads\lzfse\src\lzfse_decode_base.c(582): warning C4018: '>': signed/unsigned mismatch
C:\Users\marc\Downloads\lzfse\src\lzfse_decode_base.c(587): warning C4018: '>': signed/unsigned mismatch
  lzfse_encode.c
c:\users\marc\downloads\lzfse\src\lzfse.h(56): warning C4255: 'lzfse_encode_scratch_size': no function prototype given: converting '()' to '(void)'
c:\users\marc\downloads\lzfse\src\lzfse.h(94): warning C4255: 'lzfse_decode_scratch_size': no function prototype given: converting '()' to '(void)'
c:\users\marc\downloads\lzfse\src\lzfse_fse.h(144): warning C4820: '<unnamed-tag>': '4' bytes padding added after data member 'accum_nbits'
c:\users\marc\downloads\lzfse\src\lzfse_fse.h(156): warning C4820: '<unnamed-tag>': '4' bytes padding added after data member 'accum_nbits'
c:\users\marc\downloads\lzfse\src\lzfse_fse.h(515): warning C4244: '=': conversion from 'int' to 'fse_state', possible loss of data
c:\users\marc\downloads\lzfse\src\lzfse_fse.h(508): warning C4244: 'initializing': conversion from 'int' to 'fse_state', possible loss of data
c:\users\marc\downloads\lzfse\src\lzfse_fse.h(531): warning C4242: 'return': conversion from 'uint32_t' to 'uint8_t', possible loss of data
c:\users\marc\downloads\lzfse\src\lzfse_fse.h(564): warning C4018: '<': signed/unsigned mismatch
C:\Program Files\Microsoft Visual Studio\2017\Enterprise\VC\Tools\MSVC\14.11.25503\include\smmintrin.h(82): warning C4668: '__cplusplus' is not defined as a preprocessor macro, replacing with '0' for '#if/#elif'
C:\Program Files\Microsoft Visual Studio\2017\Enterprise\VC\Tools\MSVC\14.11.25503\include\nmmintrin.h(35): warning C4668: '__cplusplus' is not defined as a preprocessor macro, replacing with '0' for '#if/#elif'
C:\Program Files\Microsoft Visual Studio\2017\Enterprise\VC\Tools\MSVC\14.11.25503\include\wmmintrin.h(34): warning C4668: '__cplusplus' is not defined as a preprocessor macro, replacing with '0' for '#if/#elif'
C:\Program Files\Microsoft Visual Studio\2017\Enterprise\VC\Tools\MSVC\14.11.25503\include\ammintrin.h(251): warning C4255: '__slwpcb': no function prototype given: converting '()' to '(void)'
c:\users\marc\downloads\lzfse\src\lzfse_internal.h(229): warning C4820: '<unnamed-tag>': '2' bytes padding added after data member 'd_state'
c:\users\marc\downloads\lzfse\src\lzfse_internal.h(330): warning C4820: '<unnamed-tag>': '2' bytes padding added after data member 'literal_freq'
C:\Users\marc\Downloads\lzfse\src\lzfse_encode.c(27): warning C4255: 'lzfse_encode_scratch_size': no function prototype given: converting '()' to '(void)'
C:\Users\marc\Downloads\lzfse\src\lzfse_encode.c(94): warning C4018: '>=': signed/unsigned mismatch
C:\Users\marc\Downloads\lzfse\src\lzfse_encode.c(127): warning C4204: nonstandard extension used: non-constant aggregate initializer
  lzfse_encode_base.c
c:\users\marc\downloads\lzfse\src\lzfse_fse.h(144): warning C4820: '<unnamed-tag>': '4' bytes padding added after data member 'accum_nbits'
c:\users\marc\downloads\lzfse\src\lzfse_fse.h(156): warning C4820: '<unnamed-tag>': '4' bytes padding added after data member 'accum_nbits'
c:\users\marc\downloads\lzfse\src\lzfse_fse.h(515): warning C4244: '=': conversion from 'int' to 'fse_state', possible loss of data
c:\users\marc\downloads\lzfse\src\lzfse_fse.h(508): warning C4244: 'initializing': conversion from 'int' to 'fse_state', possible loss of data
c:\users\marc\downloads\lzfse\src\lzfse_fse.h(531): warning C4242: 'return': conversion from 'uint32_t' to 'uint8_t', possible loss of data
c:\users\marc\downloads\lzfse\src\lzfse_fse.h(564): warning C4018: '<': signed/unsigned mismatch
C:\Program Files\Microsoft Visual Studio\2017\Enterprise\VC\Tools\MSVC\14.11.25503\include\smmintrin.h(82): warning C4668: '__cplusplus' is not defined as a preprocessor macro, replacing with '0' for '#if/#elif'
C:\Program Files\Microsoft Visual Studio\2017\Enterprise\VC\Tools\MSVC\14.11.25503\include\nmmintrin.h(35): warning C4668: '__cplusplus' is not defined as a preprocessor macro, replacing with '0' for '#if/#elif'
C:\Program Files\Microsoft Visual Studio\2017\Enterprise\VC\Tools\MSVC\14.11.25503\include\wmmintrin.h(34): warning C4668: '__cplusplus' is not defined as a preprocessor macro, replacing with '0' for '#if/#elif'
C:\Program Files\Microsoft Visual Studio\2017\Enterprise\VC\Tools\MSVC\14.11.25503\include\ammintrin.h(251): warning C4255: '__slwpcb': no function prototype given: converting '()' to '(void)'
c:\users\marc\downloads\lzfse\src\lzfse_internal.h(229): warning C4820: '<unnamed-tag>': '2' bytes padding added after data member 'd_state'
c:\users\marc\downloads\lzfse\src\lzfse_internal.h(330): warning C4820: '<unnamed-tag>': '2' bytes padding added after data member 'literal_freq'
C:\Users\marc\Downloads\lzfse\src\lzfse_encode_base.c(36): warning C4100: 'nbits': unreferenced formal parameter
C:\Users\marc\Downloads\lzfse\src\lzfse_encode_base.c(400): warning C4456: declaration of 'd_prev' hides previous local declaration
  C:\Users\marc\Downloads\lzfse\src\lzfse_encode_base.c(199): note: see declaration of 'd_prev'
C:\Users\marc\Downloads\lzfse\src\lzfse_encode_base.c(444): warning C4018: '>': signed/unsigned mismatch
C:\Users\marc\Downloads\lzfse\src\lzfse_encode_base.c(695): warning C4456: declaration of 'd' hides previous local declaration
  C:\Users\marc\Downloads\lzfse\src\lzfse_encode_base.c(682): note: see declaration of 'd'
C:\Users\marc\Downloads\lzfse\src\lzfse_encode_base.c(775): warning C4018: '<=': signed/unsigned mismatch
C:\Users\marc\Downloads\lzfse\src\lzfse_encode_base.c(678): warning C4204: nonstandard extension used: non-constant aggregate initializer
  lzfse_fse.c
c:\users\marc\downloads\lzfse\src\lzfse_fse.h(144): warning C4820: '<unnamed-tag>': '4' bytes padding added after data member 'accum_nbits'
c:\users\marc\downloads\lzfse\src\lzfse_fse.h(156): warning C4820: '<unnamed-tag>': '4' bytes padding added after data member 'accum_nbits'
c:\users\marc\downloads\lzfse\src\lzfse_fse.h(515): warning C4244: '=': conversion from 'int' to 'fse_state', possible loss of data
c:\users\marc\downloads\lzfse\src\lzfse_fse.h(508): warning C4244: 'initializing': conversion from 'int' to 'fse_state', possible loss of data
c:\users\marc\downloads\lzfse\src\lzfse_fse.h(531): warning C4242: 'return': conversion from 'uint32_t' to 'uint8_t', possible loss of data
c:\users\marc\downloads\lzfse\src\lzfse_fse.h(564): warning C4018: '<': signed/unsigned mismatch
C:\Program Files\Microsoft Visual Studio\2017\Enterprise\VC\Tools\MSVC\14.11.25503\include\smmintrin.h(82): warning C4668: '__cplusplus' is not defined as a preprocessor macro, replacing with '0' for '#if/#elif'
C:\Program Files\Microsoft Visual Studio\2017\Enterprise\VC\Tools\MSVC\14.11.25503\include\nmmintrin.h(35): warning C4668: '__cplusplus' is not defined as a preprocessor macro, replacing with '0' for '#if/#elif'
C:\Program Files\Microsoft Visual Studio\2017\Enterprise\VC\Tools\MSVC\14.11.25503\include\wmmintrin.h(34): warning C4668: '__cplusplus' is not defined as a preprocessor macro, replacing with '0' for '#if/#elif'
C:\Program Files\Microsoft Visual Studio\2017\Enterprise\VC\Tools\MSVC\14.11.25503\include\ammintrin.h(251): warning C4255: '__slwpcb': no function prototype given: converting '()' to '(void)'
c:\users\marc\downloads\lzfse\src\lzfse_internal.h(229): warning C4820: '<unnamed-tag>': '2' bytes padding added after data member 'd_state'
c:\users\marc\downloads\lzfse\src\lzfse_internal.h(330): warning C4820: '<unnamed-tag>': '2' bytes padding added after data member 'literal_freq'
C:\Users\marc\Downloads\lzfse\src\lzfse_fse.c(157): warning C4242: '-=': conversion from 'int' to 'uint16_t', possible loss of data
C:\Users\marc\Downloads\lzfse\src\lzfse_fse.c(196): warning C4242: '=': conversion from 'int' to 'uint16_t', possible loss of data
C:\Users\marc\Downloads\lzfse\src\lzfse_fse.c(212): warning C4242: '+=': conversion from 'int' to 'uint16_t', possible loss of data
  lzvn_decode_base.c
c:\users\marc\downloads\lzfse\src\lzfse_fse.h(144): warning C4820: '<unnamed-tag>': '4' bytes padding added after data member 'accum_nbits'
c:\users\marc\downloads\lzfse\src\lzfse_fse.h(156): warning C4820: '<unnamed-tag>': '4' bytes padding added after data member 'accum_nbits'
c:\users\marc\downloads\lzfse\src\lzfse_fse.h(515): warning C4244: '=': conversion from 'int' to 'fse_state', possible loss of data
c:\users\marc\downloads\lzfse\src\lzfse_fse.h(508): warning C4244: 'initializing': conversion from 'int' to 'fse_state', possible loss of data
c:\users\marc\downloads\lzfse\src\lzfse_fse.h(531): warning C4242: 'return': conversion from 'uint32_t' to 'uint8_t', possible loss of data
c:\users\marc\downloads\lzfse\src\lzfse_fse.h(564): warning C4018: '<': signed/unsigned mismatch
C:\Program Files\Microsoft Visual Studio\2017\Enterprise\VC\Tools\MSVC\14.11.25503\include\smmintrin.h(82): warning C4668: '__cplusplus' is not defined as a preprocessor macro, replacing with '0' for '#if/#elif'
C:\Program Files\Microsoft Visual Studio\2017\Enterprise\VC\Tools\MSVC\14.11.25503\include\nmmintrin.h(35): warning C4668: '__cplusplus' is not defined as a preprocessor macro, replacing with '0' for '#if/#elif'
C:\Program Files\Microsoft Visual Studio\2017\Enterprise\VC\Tools\MSVC\14.11.25503\include\wmmintrin.h(34): warning C4668: '__cplusplus' is not defined as a preprocessor macro, replacing with '0' for '#if/#elif'
C:\Program Files\Microsoft Visual Studio\2017\Enterprise\VC\Tools\MSVC\14.11.25503\include\ammintrin.h(251): warning C4255: '__slwpcb': no function prototype given: converting '()' to '(void)'
c:\users\marc\downloads\lzfse\src\lzfse_internal.h(229): warning C4820: '<unnamed-tag>': '2' bytes padding added after data member 'd_state'
c:\users\marc\downloads\lzfse\src\lzfse_internal.h(330): warning C4820: '<unnamed-tag>': '2' bytes padding added after data member 'literal_freq'
C:\Users\marc\Downloads\lzfse\src\lzvn_decode_base.c(431): warning C4018: '>': signed/unsigned mismatch
C:\Users\marc\Downloads\lzfse\src\lzvn_decode_base.c(129): warning C4102: 'sml_d': unreferenced label
C:\Users\marc\Downloads\lzfse\src\lzvn_decode_base.c(272): warning C4102: 'med_d': unreferenced label
C:\Users\marc\Downloads\lzfse\src\lzvn_decode_base.c(322): warning C4102: 'lrg_d': unreferenced label
C:\Users\marc\Downloads\lzfse\src\lzvn_decode_base.c(358): warning C4102: 'pre_d': unreferenced label
C:\Users\marc\Downloads\lzfse\src\lzvn_decode_base.c(491): warning C4102: 'sml_m': unreferenced label
C:\Users\marc\Downloads\lzfse\src\lzvn_decode_base.c(520): warning C4102: 'lrg_m': unreferenced label
C:\Users\marc\Downloads\lzfse\src\lzvn_decode_base.c(542): warning C4102: 'sml_l': unreferenced label
C:\Users\marc\Downloads\lzfse\src\lzvn_decode_base.c(567): warning C4102: 'lrg_l': unreferenced label
C:\Users\marc\Downloads\lzfse\src\lzvn_decode_base.c(632): warning C4102: 'nop': unreferenced label
C:\Users\marc\Downloads\lzfse\src\lzvn_decode_base.c(649): warning C4102: 'eos': unreferenced label
C:\Users\marc\Downloads\lzfse\src\lzvn_decode_base.c(664): warning C4102: 'udef': unreferenced label
  lzvn_encode_base.c
c:\users\marc\downloads\lzfse\src\lzfse_fse.h(144): warning C4820: '<unnamed-tag>': '4' bytes padding added after data member 'accum_nbits'
c:\users\marc\downloads\lzfse\src\lzfse_fse.h(156): warning C4820: '<unnamed-tag>': '4' bytes padding added after data member 'accum_nbits'
c:\users\marc\downloads\lzfse\src\lzfse_fse.h(515): warning C4244: '=': conversion from 'int' to 'fse_state', possible loss of data
c:\users\marc\downloads\lzfse\src\lzfse_fse.h(508): warning C4244: 'initializing': conversion from 'int' to 'fse_state', possible loss of data
c:\users\marc\downloads\lzfse\src\lzfse_fse.h(531): warning C4242: 'return': conversion from 'uint32_t' to 'uint8_t', possible loss of data
c:\users\marc\downloads\lzfse\src\lzfse_fse.h(564): warning C4018: '<': signed/unsigned mismatch
C:\Program Files\Microsoft Visual Studio\2017\Enterprise\VC\Tools\MSVC\14.11.25503\include\smmintrin.h(82): warning C4668: '__cplusplus' is not defined as a preprocessor macro, replacing with '0' for '#if/#elif'
C:\Program Files\Microsoft Visual Studio\2017\Enterprise\VC\Tools\MSVC\14.11.25503\include\nmmintrin.h(35): warning C4668: '__cplusplus' is not defined as a preprocessor macro, replacing with '0' for '#if/#elif'
C:\Program Files\Microsoft Visual Studio\2017\Enterprise\VC\Tools\MSVC\14.11.25503\include\wmmintrin.h(34): warning C4668: '__cplusplus' is not defined as a preprocessor macro, replacing with '0' for '#if/#elif'
C:\Program Files\Microsoft Visual Studio\2017\Enterprise\VC\Tools\MSVC\14.11.25503\include\ammintrin.h(251): warning C4255: '__slwpcb': no function prototype given: converting '()' to '(void)'
c:\users\marc\downloads\lzfse\src\lzfse_internal.h(229): warning C4820: '<unnamed-tag>': '2' bytes padding added after data member 'd_state'
c:\users\marc\downloads\lzfse\src\lzfse_internal.h(330): warning C4820: '<unnamed-tag>': '2' bytes padding added after data member 'literal_freq'
C:\Users\marc\Downloads\lzfse\src\lzvn_encode_base.c(70): warning C4267: 'function': conversion from 'size_t' to 'uint16_t', possible loss of data
C:\Users\marc\Downloads\lzfse\src\lzvn_encode_base.c(79): warning C4267: '=': conversion from 'size_t' to 'unsigned char', possible loss of data
C:\Users\marc\Downloads\lzfse\src\lzvn_encode_base.c(103): warning C4267: 'function': conversion from 'size_t' to 'uint16_t', possible loss of data
C:\Users\marc\Downloads\lzfse\src\lzvn_encode_base.c(112): warning C4267: '=': conversion from 'size_t' to 'unsigned char', possible loss of data
C:\Users\marc\Downloads\lzfse\src\lzvn_encode_base.c(131): warning C4267: '=': conversion from 'size_t' to 'unsigned char', possible loss of data
C:\Users\marc\Downloads\lzfse\src\lzvn_encode_base.c(133): warning C4267: '=': conversion from 'size_t' to 'unsigned char', possible loss of data
C:\Users\marc\Downloads\lzfse\src\lzvn_encode_base.c(139): warning C4267: '=': conversion from 'size_t' to 'unsigned char', possible loss of data
C:\Users\marc\Downloads\lzfse\src\lzvn_encode_base.c(145): warning C4267: '=': conversion from 'size_t' to 'unsigned char', possible loss of data
C:\Users\marc\Downloads\lzfse\src\lzvn_encode_base.c(146): warning C4267: 'function': conversion from 'size_t' to 'uint16_t', possible loss of data
C:\Users\marc\Downloads\lzfse\src\lzvn_encode_base.c(154): warning C4267: '=': conversion from 'size_t' to 'unsigned char', possible loss of data
C:\Users\marc\Downloads\lzfse\src\lzvn_encode_base.c(155): warning C4267: 'function': conversion from 'size_t' to 'uint16_t', possible loss of data
C:\Users\marc\Downloads\lzfse\src\lzvn_encode_base.c(166): warning C4267: 'function': conversion from 'size_t' to 'uint16_t', possible loss of data
C:\Users\marc\Downloads\lzfse\src\lzvn_encode_base.c(173): warning C4267: '=': conversion from 'size_t' to 'unsigned char', possible loss of data
  Generating Code...
c:\users\marc\downloads\lzfse\src\lzvn_encode_base.c(316): warning C4710: 'emit': function not inlined
C:\Users\marc\Downloads\lzfse\src\lzvn_encode_base.c : warning C4710: 'emit': function not inlined
C:\Users\marc\Downloads\lzfse\src\lzvn_encode_base.c : warning C4710: 'emit': function not inlined
C:\Users\marc\Downloads\lzfse\src\lzvn_encode_base.c : warning C4710: 'emit': function not inlined
c:\users\marc\downloads\lzfse\src\lzvn_encode_base.c(574): warning C4710: 'lzvn_emit_literal': function not inlined
C:\Users\marc\Downloads\lzfse\src\lzvn_encode_base.c : warning C4710: 'lzvn_emit_literal': function not inlined
c:\users\marc\downloads\lzfse\src\lzvn_encode_base.c(586): warning C4711: function 'lzvn_encode_partial' selected for automatic inline expansion
c:\users\marc\downloads\lzfse\src\lzfse_fse.c(168): warning C4711: function 'fse_adjust_freqs' selected for automatic inline expansion
c:\users\marc\downloads\lzfse\src\lzfse_encode_base.c(503): warning C4710: 'lzfse_push_lmd': function not inlined
c:\users\marc\downloads\lzfse\src\lzfse_encode_base.c(549): warning C4711: function 'lzfse_backend_match' selected for automatic inline expansion
c:\users\marc\downloads\lzfse\src\lzfse_encode_base.c(808): warning C4711: function 'lzfse_backend_match' selected for automatic inline expansion
c:\users\marc\downloads\lzfse\src\lzfse_encode_base.c(808): warning C4711: function 'lzfse_backend_end_of_stream' selected for automatic inline expansion
c:\users\marc\downloads\lzfse\src\lzfse_encode_base.c(643): warning C4711: function 'lzfse_backend_match' selected for automatic inline expansion
c:\users\marc\downloads\lzfse\src\lzfse_encode_base.c(643): warning C4711: function 'lzfse_backend_match' selected for automatic inline expansion
c:\users\marc\downloads\lzfse\src\lzfse_encode_base.c(643): warning C4711: function 'lzfse_backend_literals' selected for automatic inline expansion
c:\users\marc\downloads\lzfse\src\lzfse_encode_base.c(643): warning C4711: function 'lzfse_backend_match' selected for automatic inline expansion
c:\users\marc\downloads\lzfse\src\lzfse_encode_base.c(643): warning C4711: function 'lzfse_backend_match' selected for automatic inline expansion
c:\users\marc\downloads\lzfse\src\lzfse_encode_base.c(643): warning C4711: function 'lzfse_backend_match' selected for automatic inline expansion
c:\users\marc\downloads\lzfse\src\lzfse_encode_base.c(643): warning C4711: function 'lzfse_backend_match' selected for automatic inline expansion
c:\users\marc\downloads\lzfse\src\lzfse_encode.c(145): warning C4711: function 'lzfse_encode_scratch_size' selected for automatic inline expansion
c:\users\marc\downloads\lzfse\src\lzfse_encode.c(145): warning C4711: function 'lzfse_encode_buffer_with_scratch' selected for automatic inline expansion
c:\users\marc\downloads\lzfse\src\lzfse_decode_base.c(393): warning C4710: 'lzfse_decode_v1': function not inlined
c:\users\marc\downloads\lzfse\src\lzfse_decode.c(54): warning C4711: function 'lzfse_decode_scratch_size' selected for automatic inline expansion
c:\users\marc\downloads\lzfse\src\lzfse_decode.c(54): warning C4711: function 'lzfse_decode_buffer_with_scratch' selected for automatic inline expansion
     Creating library C:/Users/marc/Downloads/lzfse/build/Release/lzfse.lib and object C:/Users/marc/Downloads/lzfse/build/Release/lzfse.exp
  lzfse.vcxproj -> C:\Users\marc\Downloads\lzfse\build\Release\lzfse.dll
